  Application.cpp
  Camera.cpp
D:\engine_dev\graphics\OpenGL\OpenGL\src\Application.cpp(1,10): error C1083:  Cannot open include file: 'GL/glew.h': No such file or directory
  IndexBuffer.cpp
D:\engine_dev\graphics\OpenGL\OpenGL\src\Camera.h(2,10): error C1083:  Cannot open include file: 'GL/glew.h': No such file or directory
  Mesh.cpp
D:\engine_dev\graphics\OpenGL\OpenGL\src\VertexBuffer.h(2,10): error C1083:  Cannot open include file: 'GL/glew.h': No such file or directory
  Model.cpp
D:\engine_dev\graphics\OpenGL\OpenGL\src\Mesh.h(2,10): error C1083:  Cannot open include file: 'glm/glm.hpp': No such file or directory
  Renderer.cpp
D:\engine_dev\graphics\OpenGL\OpenGL\src\Shader.h(4,10): error C1083:  Cannot open include file: 'glm/glm.hpp': No such file or directory
  Shader.cpp
D:\engine_dev\graphics\OpenGL\OpenGL\src\Renderer.h(2,10): error C1083:  Cannot open include file: 'GL/glew.h': No such file or directory
  Texture.cpp
D:\engine_dev\graphics\OpenGL\OpenGL\src\Shader.h(4,10): error C1083:  Cannot open include file: 'glm/glm.hpp': No such file or directory
  glm.cpp
D:\engine_dev\graphics\OpenGL\OpenGL\src\Renderer.h(2,10): error C1083:  Cannot open include file: 'GL/glew.h': No such file or directory
  imgui.cpp
  imgui_demo.cpp
  imgui_draw.cpp
  imgui_impl_glfw.cpp
D:\engine_dev\graphics\OpenGL\OpenGL\src\vendor\glm\detail\glm.cpp(7,10): error C1083:  Cannot open include file: 'glm/gtx/dual_quaternion.hpp': No such file or directory
  imgui_impl_opengl3.cpp
D:\engine_dev\graphics\OpenGL\OpenGL\src\vendor\imgui\imgui_impl_glfw.cpp(40,10): error C1083:  Cannot open include file: 'GLFW/glfw3.h': No such file or directory
  imgui_widgets.cpp
  stb_image.cpp
  VertexArray.cpp
D:\engine_dev\graphics\OpenGL\OpenGL\src\vendor\imgui\imgui_impl_opengl3.cpp(97,10): error C1083:  Cannot open include file: 'GL/glew.h': No such file or directory
  VertexBuffer.cpp
D:\engine_dev\graphics\OpenGL\OpenGL\src\VertexBuffer.h(2,10): error C1083:  Cannot open include file: 'GL/glew.h': No such file or directory
  VertexBufferLayout.cpp
  Generating Code...
D:\engine_dev\graphics\OpenGL\OpenGL\src\VertexBuffer.h(2,10): error C1083:  Cannot open include file: 'GL/glew.h': No such file or directory
