c:\opengl-practice\opengl\debug\vc142.pdb
c:\opengl-practice\opengl\debug\vc142.idb
c:\opengl-practice\opengl\debug\vertex.obj
c:\opengl-practice\opengl\debug\stb_image.obj
c:\opengl-practice\opengl\debug\imgui_widgets.obj
c:\opengl-practice\opengl\debug\imgui_impl_opengl3.obj
c:\opengl-practice\opengl\debug\imgui_impl_glfw.obj
c:\opengl-practice\opengl\debug\imgui_draw.obj
c:\opengl-practice\opengl\debug\imgui_demo.obj
c:\opengl-practice\opengl\debug\imgui.obj
c:\opengl-practice\opengl\debug\glm.obj
c:\opengl-practice\opengl\debug\texture.obj
c:\opengl-practice\opengl\debug\shader.obj
c:\opengl-practice\opengl\debug\renderer.obj
c:\opengl-practice\opengl\debug\shapeloader.obj
c:\opengl-practice\opengl\debug\model.obj
c:\opengl-practice\opengl\debug\meshmodel.obj
c:\opengl-practice\opengl\debug\defaultmodel.obj
c:\opengl-practice\opengl\debug\indexbuffer.obj
c:\opengl-practice\opengl\debug\camera.obj
c:\opengl-practice\opengl\debug\application.obj
c:\opengl-practice\opengl\debug\vertexbufferlayout.obj
c:\opengl-practice\opengl\debug\vertexbuffer.obj
c:\opengl-practice\opengl\debug\vertexarray.obj
c:\opengl-practice\opengl\debug\opengl.tlog\cl.command.1.tlog
c:\opengl-practice\opengl\debug\opengl.tlog\cl.read.1.tlog
c:\opengl-practice\opengl\debug\opengl.tlog\cl.write.1.tlog
